<?xml version="1.0" encoding="UTF-8"?>
<!-- Generated by org.testng.reporters.JUnitXMLReporter -->
<testsuite ignored="0" hostname="DESKTOP-SN0PPP1" failures="0" tests="3" name="Car Loan" time="0.082" errors="0" timestamp="2021-01-11T12:15:02 IST">
  <testcase classname="test.Day3" name="APILoginHomeLoan" time="0.021"/>
  <testcase classname="test.Day3" name="MobileLoginHomeLoan" time="0.002"/>
  <testcase classname="test.Day3" name="WebLoginHomeLoan" time="0.003"/>
</testsuite> <!-- Car Loan -->
