<?xml version="1.0" encoding="UTF-8"?>
<!-- Generated by org.testng.reporters.JUnitXMLReporter -->
<testsuite ignored="2" hostname="DESKTOP-SN0PPP1" failures="0" tests="5" name="Home Loan" time="0.403" errors="0" timestamp="2021-01-15T12:26:13 IST">
  <testcase classname="test.Day3" name="MobileLoginHomeLoan" time="0.211"/>
  <testcase classname="test.Day3" name="MobilesignoutHomeLoan" time="0.003"/>
  <testcase classname="test.Day3" name="MobilesignoutHomeLoan" time="0.002"/>
  <testcase classname="test.Day3" name="MobilesignoutHomeLoan" time="0.01"/>
  <testcase classname="test.Day3" name="WebLoginHomeLoan" time="0.004"/>
  <testcase classname="test.Day3" name="APILoginHomeLoan" time="0.0">
    <ignored/>
  </testcase> <!-- APILoginHomeLoan -->
  <testcase classname="test.Day3" name="MobilesigninHomeLoan" time="0.0">
    <ignored/>
  </testcase> <!-- MobilesigninHomeLoan -->
</testsuite> <!-- Home Loan -->
