<?xml version="1.0" encoding="UTF-8"?>
<!-- Generated by org.testng.reporters.JUnitXMLReporter -->
<testsuite ignored="2" hostname="DESKTOP-SN0PPP1" failures="0" tests="9" name="Regression" time="0.18" errors="0" timestamp="2021-01-13T17:18:16 IST">
  <testcase classname="test.Day1" name="SecondTest" time="0.009"/>
  <testcase classname="test.Day2" name="ploan" time="0.005"/>
  <testcase classname="test.Day4" name="APILoginCarLoan" time="0.005"/>
  <testcase classname="test.Day4" name="WebLoginCarLoan" time="0.002"/>
  <testcase classname="test.Day3" name="APILoginHomeLoan" time="0.003"/>
  <testcase classname="test.Day3" name="MobileLoginHomeLoan" time="0.006"/>
  <testcase classname="test.Day3" name="MobilesigninHomeLoan" time="0.002"/>
  <testcase classname="test.Day3" name="MobilesignoutHomeLoan" time="0.002"/>
  <testcase classname="test.Day3" name="WebLoginHomeLoan" time="0.004"/>
  <testcase classname="test.Day4" name="MobileLoginCarLoan" time="0.0">
    <ignored/>
  </testcase> <!-- MobileLoginCarLoan -->
  <testcase classname="test.Day1" name="Demo" time="0.0">
    <ignored/>
  </testcase> <!-- Demo -->
</testsuite> <!-- Regression -->
